Build started 29.4.2015 г. 17:01:34.
     1>Project "c:\Users\Elena\documents\visual studio 2013\Projects\fn_71544\fn_71544\fn_71544.vcxproj" on node 2 (Build target(s)).
     1>ClCompile:
         C:\Program Files (x86)\Microsoft Visual Studio 12.0\VC\bin\CL.exe /c /ZI /nologo /W3 /WX- /Od /Oy- /D WIN32 /D _DEBUG /D _CONSOLE /D _LIB /D _UNICODE /D UNICODE /Gm /EHsc /RTC1 /MDd /GS /fp:precise /Zc:wchar_t /Zc:forScope /Fo"Debug\\" /Fd"Debug\vc120.pdb" /Gd /TP /analyze- /errorReport:prompt Band.cpp Concert.cpp main.cpp
         main.cpp
         Generating Code...
         Compiling...
         Concert.cpp
     1>c:\users\elena\documents\visual studio 2013\projects\fn_71544\fn_71544\concert.cpp(85): warning C4172: returning address of local variable or temporary
         Band.cpp
     1>c:\users\elena\documents\visual studio 2013\projects\fn_71544\fn_71544\band.cpp(16): warning C4996: 'strcpy': This function or variable may be unsafe. Consider using strcpy_s instead. To disable deprecation, use _CRT_SECURE_NO_WARNINGS. See online help for details.
                 c:\program files (x86)\microsoft visual studio 12.0\vc\include\string.h(112) : see declaration of 'strcpy'
     1>c:\users\elena\documents\visual studio 2013\projects\fn_71544\fn_71544\band.cpp(52): warning C4996: 'strcpy': This function or variable may be unsafe. Consider using strcpy_s instead. To disable deprecation, use _CRT_SECURE_NO_WARNINGS. See online help for details.
                 c:\program files (x86)\microsoft visual studio 12.0\vc\include\string.h(112) : see declaration of 'strcpy'
     1>c:\users\elena\documents\visual studio 2013\projects\fn_71544\fn_71544\band.cpp(66): warning C4996: 'strcpy': This function or variable may be unsafe. Consider using strcpy_s instead. To disable deprecation, use _CRT_SECURE_NO_WARNINGS. See online help for details.
                 c:\program files (x86)\microsoft visual studio 12.0\vc\include\string.h(112) : see declaration of 'strcpy'
     1>c:\users\elena\documents\visual studio 2013\projects\fn_71544\fn_71544\band.cpp(84): warning C4996: 'strcpy': This function or variable may be unsafe. Consider using strcpy_s instead. To disable deprecation, use _CRT_SECURE_NO_WARNINGS. See online help for details.
                 c:\program files (x86)\microsoft visual studio 12.0\vc\include\string.h(112) : see declaration of 'strcpy'
     1>c:\users\elena\documents\visual studio 2013\projects\fn_71544\fn_71544\band.cpp(237): warning C4172: returning address of local variable or temporary
         Generating Code...
     1>c:\users\elena\documents\visual studio 2013\projects\fn_71544\fn_71544\band.cpp(166): warning C4715: 'Band::getStar' : not all control paths return a value
       Link:
         C:\Program Files (x86)\Microsoft Visual Studio 12.0\VC\bin\link.exe /ERRORREPORT:PROMPT /OUT:"c:\users\elena\documents\visual studio 2013\Projects\fn_71544\Debug\fn_71544.exe" /INCREMENTAL /NOLOGO kernel32.lib user32.lib gdi32.lib winspool.lib comdlg32.lib advapi32.lib shell32.lib ole32.lib oleaut32.lib uuid.lib odbc32.lib odbccp32.lib /MANIFEST /MANIFESTUAC:"level='asInvoker' uiAccess='false'" /manifest:embed /DEBUG /PDB:"c:\users\elena\documents\visual studio 2013\Projects\fn_71544\Debug\fn_71544.pdb" /SUBSYSTEM:CONSOLE /TLBID:1 /DYNAMICBASE /NXCOMPAT /IMPLIB:"c:\users\elena\documents\visual studio 2013\Projects\fn_71544\Debug\fn_71544.lib" /MACHINE:X86 Debug\Band.obj
         Debug\Concert.obj
         Debug\main.obj
         Debug\Rockstar.obj
         fn_71544.vcxproj -> c:\users\elena\documents\visual studio 2013\Projects\fn_71544\Debug\fn_71544.exe
     1>Done Building Project "c:\Users\Elena\documents\visual studio 2013\Projects\fn_71544\fn_71544\fn_71544.vcxproj" (Build target(s)).

Build succeeded.

Time Elapsed 00:00:05.26
